{
  "RSpec": {
    "coverage": {
      "/home/cr400bfc5145/EA-Block-Scheduling/app/controllers/application_controller.rb": {
        "lines": [
          1,
          1,
          1,
          null,
          null,
          1,
          null,
          1,
          46,
          null,
          null,
          null,
          1,
          9,
          2,
          null,
          null,
          null
        ]
      },
      "/home/cr400bfc5145/EA-Block-Scheduling/app/controllers/block_selections_controller.rb": {
        "lines": [
          1,
          1,
          null,
          1,
          2,
          null,
          2,
          1,
          1,
          1,
          null,
          1,
          1,
          null,
          null,
          null,
          1,
          null,
          1,
          3,
          null,
          null,
          1,
          2,
          null,
          null
        ]
      },
      "/home/cr400bfc5145/EA-Block-Scheduling/app/controllers/blocks_controller.rb": {
        "lines": [
          1,
          null,
          null,
          null,
          1,
          1,
          1,
          1,
          null,
          null,
          1,
          4,
          4,
          4,
          null,
          null,
          1,
          2,
          1,
          1,
          null,
          1,
          null,
          null,
          null,
          1,
          3,
          null,
          3,
          4,
          3,
          2,
          2,
          null,
          null,
          null,
          null
        ]
      },
      "/home/cr400bfc5145/EA-Block-Scheduling/app/controllers/courses_controller.rb": {
        "lines": [
          1,
          1,
          null,
          null,
          1,
          null,
          null,
          1,
          2,
          2,
          2,
          2,
          null,
          null,
          2,
          1,
          1,
          null,
          1,
          0,
          null,
          null,
          null,
          null,
          null,
          1,
          2,
          null,
          null,
          null,
          1,
          4,
          null,
          4,
          2,
          2,
          null,
          2,
          2,
          null,
          null,
          null,
          null,
          1,
          3,
          2,
          2,
          null,
          1,
          1,
          null,
          null,
          null,
          null,
          1,
          2,
          2,
          2,
          2,
          null,
          null,
          1,
          0,
          null,
          null,
          null,
          1,
          0,
          0,
          0,
          null,
          null,
          null,
          null,
          null,
          null,
          null,
          null,
          null,
          1,
          null,
          null,
          null,
          null,
          null,
          null,
          null,
          null,
          null,
          null,
          null,
          null,
          null,
          null,
          null,
          null,
          null,
          null,
          null,
          null,
          null,
          null,
          null,
          null,
          null,
          1,
          7,
          null,
          null,
          null,
          1,
          7,
          null,
          null,
          null,
          null,
          null,
          null,
          null,
          null,
          null,
          null,
          null,
          null,
          null,
          null,
          null,
          null,
          null,
          null,
          null,
          null,
          null,
          null,
          null,
          null,
          null,
          null,
          null,
          null,
          null,
          null,
          null,
          null,
          null
        ]
      },
      "/home/cr400bfc5145/EA-Block-Scheduling/app/models/course.rb": {
        "lines": [
          1,
          1,
          null,
          null,
          null,
          null,
          1,
          null,
          1,
          3,
          3,
          null,
          null,
          1,
          null,
          23,
          23,
          23,
          null,
          null,
          1,
          0,
          null,
          null,
          1,
          0,
          0,
          0,
          null,
          null,
          null
        ]
      },
      "/home/cr400bfc5145/EA-Block-Scheduling/app/controllers/schedules_controller.rb": {
        "lines": [
          1,
          null,
          null,
          null,
          null,
          null,
          null,
          null,
          null,
          1,
          null,
          1,
          2,
          1,
          null,
          1,
          null,
          null,
          null,
          1,
          3,
          1,
          null,
          null,
          null
        ]
      },
      "/home/cr400bfc5145/EA-Block-Scheduling/app/models/block_course.rb": {
        "lines": [
          1,
          1,
          1,
          null
        ]
      },
      "/home/cr400bfc5145/EA-Block-Scheduling/app/models/block_selection.rb": {
        "lines": [
          1,
          1,
          1,
          1,
          null
        ]
      },
      "/home/cr400bfc5145/EA-Block-Scheduling/app/models/block.rb": {
        "lines": [
          1,
          1,
          null,
          1,
          null,
          1,
          33,
          null,
          null,
          null,
          1,
          1,
          1,
          1,
          1,
          null,
          null,
          1,
          0,
          0,
          0,
          null,
          null,
          1,
          4,
          4,
          null,
          4,
          16,
          null,
          4,
          4,
          null,
          null,
          4,
          0,
          null,
          null,
          4,
          4,
          null,
          null,
          1,
          null,
          1,
          0,
          0,
          0,
          0,
          null,
          null,
          null,
          1,
          7,
          null,
          7,
          null,
          7,
          26,
          36,
          22,
          null,
          null,
          null,
          null,
          null,
          1,
          36,
          null,
          null,
          36,
          36,
          null,
          null,
          36,
          36,
          null,
          null,
          31,
          31,
          31,
          31,
          null,
          31,
          null,
          null,
          1,
          72,
          72,
          null,
          null,
          72,
          72,
          null,
          null,
          1,
          72,
          null,
          null,
          72,
          null,
          null,
          null,
          null,
          null,
          null,
          72,
          null,
          null,
          72,
          288,
          null,
          null,
          null,
          1,
          7,
          null,
          null,
          7,
          null,
          70,
          3,
          null,
          null,
          null,
          null,
          1,
          7,
          null,
          24,
          null,
          null,
          14,
          null,
          null,
          3,
          null,
          null,
          6,
          1,
          1,
          null,
          null,
          6,
          null,
          null,
          1,
          7,
          7,
          null,
          7,
          2,
          null,
          null,
          null,
          1,
          null,
          1,
          7,
          26,
          26,
          26,
          null,
          null,
          null
        ]
      }
    },
    "timestamp": 1743708339
  },
  "Cucumber Features": {
    "coverage": {
      "/home/cr400bfc5145/EA-Block-Scheduling/app/services/file_parser.rb": {
        "lines": [
          null,
          null,
          1,
          1,
          1,
          1,
          null,
          null,
          1,
          1,
          1,
          null,
          1,
          3,
          3,
          1,
          2,
          1,
          null,
          1,
          null,
          3,
          3,
          3,
          null,
          null,
          1,
          3,
          1,
          null,
          2,
          1,
          1,
          1,
          1,
          1,
          null,
          null,
          1,
          null,
          null,
          null,
          1,
          3,
          null,
          1,
          null,
          1,
          null,
          1,
          null,
          null,
          null,
          1,
          2,
          null,
          2,
          2,
          2,
          2,
          44,
          44,
          38,
          38,
          null,
          null,
          2,
          2,
          null,
          0,
          0,
          null,
          null,
          null,
          null,
          1,
          3,
          3,
          null,
          null,
          1,
          1,
          1,
          null,
          null,
          null,
          1,
          38,
          38,
          38,
          38,
          38,
          38,
          38,
          null,
          null,
          1,
          2,
          38,
          null,
          null,
          null,
          null,
          null,
          null
        ]
      },
      "/home/cr400bfc5145/EA-Block-Scheduling/app/controllers/sessions_controller.rb": {
        "lines": [
          1,
          1,
          1,
          null,
          1,
          1,
          1,
          null,
          null,
          1,
          1,
          null,
          null,
          null,
          1,
          32,
          32,
          null,
          null,
          32,
          null,
          32,
          31,
          null,
          31,
          23,
          null,
          8,
          null,
          null,
          1,
          null,
          null,
          null
        ]
      },
      "/home/cr400bfc5145/EA-Block-Scheduling/app/controllers/application_controller.rb": {
        "lines": [
          1,
          1,
          1,
          null,
          null,
          1,
          null,
          1,
          238,
          null,
          null,
          null,
          1,
          37,
          4,
          null,
          null,
          null
        ]
      },
      "/home/cr400bfc5145/EA-Block-Scheduling/app/helpers/application_helper.rb": {
        "lines": [
          1,
          1,
          0,
          0,
          null,
          0,
          null,
          null,
          1,
          null,
          1,
          0,
          null,
          null,
          1,
          null,
          0,
          null,
          null,
          1,
          null,
          null,
          null,
          1,
          90,
          null,
          null,
          1,
          74,
          null,
          null
        ]
      },
      "/home/cr400bfc5145/EA-Block-Scheduling/app/helpers/admin_helper.rb": {
        "lines": [
          1,
          null
        ]
      },
      "/home/cr400bfc5145/EA-Block-Scheduling/app/helpers/blocks_helper.rb": {
        "lines": [
          1,
          null
        ]
      },
      "/home/cr400bfc5145/EA-Block-Scheduling/app/helpers/courses_helper.rb": {
        "lines": [
          1,
          1,
          2,
          2,
          1,
          null,
          null,
          1,
          2,
          null,
          1,
          2,
          null,
          null,
          null,
          null,
          1,
          2,
          2,
          2,
          null,
          null,
          null,
          1,
          1,
          1,
          1,
          null,
          null,
          null,
          1,
          null,
          2,
          null,
          null,
          null,
          null,
          1,
          null,
          2,
          null,
          null,
          null,
          null,
          null,
          null,
          null,
          null,
          null,
          null,
          null,
          null,
          null,
          1,
          null,
          3,
          null,
          null,
          null,
          null,
          null,
          null,
          null
        ]
      },
      "/home/cr400bfc5145/EA-Block-Scheduling/app/helpers/excel_files_helper.rb": {
        "lines": [
          1,
          1,
          2,
          2,
          null,
          null
        ]
      },
      "/home/cr400bfc5145/EA-Block-Scheduling/app/controllers/admin_controller.rb": {
        "lines": [
          null,
          1,
          1,
          null,
          1,
          null,
          null,
          null,
          1,
          null
        ]
      },
      "/home/cr400bfc5145/EA-Block-Scheduling/app/controllers/students_controller.rb": {
        "lines": [
          1,
          1,
          null,
          null
        ]
      },
      "/home/cr400bfc5145/EA-Block-Scheduling/app/controllers/pages_controller.rb": {
        "lines": [
          null,
          null,
          1,
          1,
          null,
          1,
          3,
          null,
          null,
          1,
          1,
          3,
          null,
          null
        ]
      },
      "/home/cr400bfc5145/EA-Block-Scheduling/app/controllers/blocks_controller.rb": {
        "lines": [
          1,
          null,
          null,
          null,
          1,
          2,
          2,
          2,
          null,
          null,
          1,
          0,
          0,
          0,
          null,
          null,
          1,
          1,
          0,
          0,
          null,
          1,
          null,
          null,
          null,
          1,
          0,
          null,
          0,
          0,
          0,
          0,
          0,
          null,
          null,
          null,
          null
        ]
      },
      "/home/cr400bfc5145/EA-Block-Scheduling/app/controllers/courses_controller.rb": {
        "lines": [
          1,
          1,
          null,
          null,
          1,
          null,
          null,
          1,
          10,
          10,
          10,
          10,
          null,
          null,
          10,
          35,
          1,
          null,
          35,
          1,
          null,
          null,
          null,
          null,
          null,
          1,
          0,
          null,
          null,
          null,
          1,
          3,
          null,
          3,
          3,
          3,
          null,
          0,
          0,
          null,
          null,
          null,
          null,
          1,
          0,
          0,
          0,
          null,
          0,
          0,
          null,
          null,
          null,
          null,
          1,
          1,
          1,
          1,
          1,
          null,
          null,
          1,
          3,
          null,
          null,
          null,
          1,
          1,
          1,
          1,
          null,
          null,
          null,
          null,
          null,
          null,
          null,
          null,
          null,
          1,
          null,
          null,
          null,
          null,
          null,
          null,
          null,
          null,
          null,
          null,
          null,
          null,
          null,
          null,
          null,
          null,
          null,
          null,
          null,
          null,
          null,
          null,
          null,
          null,
          null,
          1,
          1,
          null,
          null,
          null,
          1,
          3,
          null,
          null,
          null,
          null,
          null,
          null,
          null,
          null,
          null,
          null,
          null,
          null,
          null,
          null,
          null,
          null,
          null,
          null,
          null,
          null,
          null,
          null,
          null,
          null,
          null,
          null,
          null,
          null,
          null,
          null,
          null,
          null,
          null
        ]
      },
      "/home/cr400bfc5145/EA-Block-Scheduling/app/controllers/excel_files_controller.rb": {
        "lines": [
          1,
          null,
          1,
          1,
          1,
          1,
          1,
          null,
          null,
          1,
          1,
          null,
          null,
          null,
          1,
          0,
          null,
          null,
          null,
          1,
          2,
          null,
          null,
          null,
          1,
          null,
          null,
          null,
          1,
          1,
          1,
          1,
          0,
          0,
          null,
          1,
          2,
          1,
          null,
          1,
          null,
          null,
          null,
          null,
          1,
          0,
          0,
          0,
          0,
          null,
          0,
          0,
          null,
          null,
          null,
          null,
          null,
          1,
          0,
          null,
          0,
          0,
          0,
          null,
          null,
          null,
          1,
          null,
          null,
          1,
          1,
          null,
          null,
          null,
          1,
          1,
          null,
          null,
          null,
          1,
          1,
          2,
          1,
          null,
          null,
          null
        ]
      },
      "/home/cr400bfc5145/EA-Block-Scheduling/app/controllers/schedules_controller.rb": {
        "lines": [
          1,
          null,
          null,
          null,
          null,
          null,
          null,
          null,
          null,
          1,
          null,
          1,
          0,
          0,
          null,
          0,
          null,
          null,
          null,
          1,
          2,
          0,
          null,
          null,
          null
        ]
      },
      "/home/cr400bfc5145/EA-Block-Scheduling/app/controllers/registrations_controller.rb": {
        "lines": [
          1,
          1,
          null,
          null,
          1,
          null,
          1,
          null,
          null,
          null,
          null,
          null,
          1,
          null,
          1,
          null,
          1,
          null,
          null,
          1,
          null
        ]
      },
      "/home/cr400bfc5145/EA-Block-Scheduling/app/controllers/users_controller.rb": {
        "lines": [
          1,
          1,
          1,
          null,
          1,
          3,
          null,
          null,
          1,
          3,
          3,
          null,
          null,
          1,
          1,
          null,
          null,
          1,
          1,
          null,
          null,
          1,
          1,
          1,
          1,
          1,
          null,
          null,
          1,
          null,
          0,
          0,
          0,
          null,
          null,
          0,
          0,
          0,
          null,
          0,
          0,
          null,
          null,
          0,
          null,
          null,
          null,
          null,
          1,
          1,
          1,
          1,
          null,
          null,
          1,
          null,
          1,
          1,
          1,
          1,
          null,
          null
        ]
      },
      "/home/cr400bfc5145/EA-Block-Scheduling/app/controllers/block_selections_controller.rb": {
        "lines": [
          0,
          0,
          null,
          0,
          0,
          null,
          0,
          0,
          0,
          0,
          0,
          0,
          0,
          0,
          0,
          null,
          0,
          null,
          0,
          0,
          0,
          null,
          0,
          0,
          0,
          0
        ],
        "branches": {}
      },
      "/home/cr400bfc5145/EA-Block-Scheduling/app/services/user_service.rb": {
        "lines": [
          null,
          0,
          0,
          0,
          0,
          0,
          0,
          0,
          0,
          0,
          0,
          null,
          0,
          null,
          0,
          0,
          0,
          0,
          0,
          0,
          null,
          null,
          0,
          null,
          null,
          0,
          0,
          0,
          0,
          0,
          0,
          0,
          0,
          null,
          null,
          0,
          0,
          0,
          0,
          0,
          0,
          0,
          0,
          0,
          0,
          0,
          0,
          0,
          0,
          0,
          0,
          null,
          0,
          0,
          0,
          0,
          0
        ],
        "branches": {}
      }
    },
    "timestamp": 1743708471
  }
}
