{
  "RSpec": {
    "coverage": {
      "/Users/saipatibandla/Desktop/dev/EA-Block-Scheduling/app/controllers/application_controller.rb": {
        "lines": [
          1,
          1,
          1,
          null,
          null,
          1,
          null,
          1,
          46,
          null,
          null,
          null,
          1,
          9,
          2,
          null,
          null,
          null
        ]
      },
      "/Users/saipatibandla/Desktop/dev/EA-Block-Scheduling/app/controllers/block_selections_controller.rb": {
        "lines": [
          1,
          1,
          null,
          1,
          4,
          4,
          1,
          1,
          3,
          1,
          1,
          null,
          null,
          2,
          2,
          2,
          2,
          null,
          2,
          0,
          0,
          null,
          null,
          2,
          null,
          2,
          null,
          0,
          0,
          0,
          null,
          0,
          null,
          null,
          null,
          2,
          1,
          1,
          1,
          null,
          1,
          1,
          null,
          null,
          null,
          null,
          null,
          null,
          null,
          null,
          null,
          null,
          null,
          null,
          null,
          null,
          null,
          null,
          null,
          null,
          null,
          null,
          1,
          null,
          1,
          5,
          null,
          null,
          1,
          0,
          null,
          null
        ]
      },
      "/Users/saipatibandla/Desktop/dev/EA-Block-Scheduling/app/controllers/blocks_controller.rb": {
        "lines": [
          1,
          null,
          null,
          null,
          1,
          1,
          1,
          1,
          null,
          1,
          null,
          null,
          1,
          4,
          null,
          4,
          4,
          null,
          4,
          12,
          null,
          4,
          4,
          4,
          null,
          4,
          12,
          null,
          4,
          4,
          null,
          null,
          1,
          2,
          1,
          1,
          null,
          1,
          null,
          null,
          null,
          1,
          3,
          null,
          3,
          4,
          3,
          2,
          2,
          null,
          null,
          null,
          null,
          null,
          1,
          4,
          null,
          null,
          1,
          0,
          0,
          0,
          0,
          0,
          null,
          null,
          null
        ]
      },
      "/Users/saipatibandla/Desktop/dev/EA-Block-Scheduling/app/controllers/courses_controller.rb": {
        "lines": [
          1,
          null,
          1,
          1,
          null,
          null,
          1,
          null,
          null,
          1,
          2,
          2,
          null,
          2,
          2,
          2,
          2,
          null,
          null,
          2,
          1,
          1,
          null,
          1,
          0,
          null,
          null,
          null,
          null,
          null,
          1,
          2,
          null,
          null,
          null,
          1,
          4,
          null,
          4,
          2,
          2,
          null,
          2,
          2,
          null,
          null,
          null,
          null,
          1,
          3,
          2,
          2,
          null,
          1,
          1,
          null,
          null,
          null,
          null,
          1,
          2,
          2,
          2,
          2,
          null,
          null,
          1,
          3,
          3,
          null,
          3,
          1,
          1,
          1,
          null,
          null,
          2,
          2,
          null,
          2,
          2,
          14,
          null,
          2,
          null,
          2,
          2,
          null,
          2,
          3,
          3,
          null,
          null,
          3,
          null,
          3,
          0,
          0,
          0,
          null,
          null,
          3,
          0,
          0,
          0,
          null,
          null,
          null,
          3,
          null,
          null,
          null,
          null,
          null,
          null,
          null,
          null,
          null,
          null,
          null,
          null,
          null,
          null,
          null,
          null,
          null,
          null,
          null,
          null,
          null,
          null,
          null,
          null,
          null,
          3,
          2,
          2,
          null,
          1,
          1,
          1,
          null,
          null,
          null,
          2,
          null,
          2,
          2,
          2,
          null,
          null,
          1,
          6,
          null,
          6,
          null,
          6,
          0,
          0,
          null,
          6,
          null,
          null,
          null,
          1,
          6,
          6,
          null,
          3,
          3,
          null,
          3,
          null,
          null,
          null,
          1,
          0,
          null,
          null,
          null,
          1,
          0,
          0,
          0,
          null,
          null,
          null,
          null,
          null,
          null,
          null,
          null,
          null,
          1,
          null,
          null,
          null,
          null,
          null,
          null,
          null,
          null,
          null,
          null,
          null,
          null,
          null,
          null,
          null,
          null,
          null,
          null,
          null,
          null,
          null,
          null,
          null,
          null,
          null,
          1,
          7,
          null,
          null,
          null,
          1,
          7,
          null,
          null,
          null,
          null,
          null,
          null,
          null,
          null,
          null,
          null,
          null,
          null,
          null,
          null,
          null,
          null,
          null,
          null,
          null,
          null,
          null,
          null,
          null,
          null,
          null,
          null,
          null,
          null,
          null,
          null,
          null,
          null,
          null
        ]
      },
      "/Users/saipatibandla/Desktop/dev/EA-Block-Scheduling/app/models/course.rb": {
        "lines": [
          1,
          1,
          1,
          null,
          null,
          null,
          null,
          1,
          null,
          1,
          null,
          null,
          1,
          0,
          0,
          null,
          null,
          1,
          null,
          36,
          36,
          36,
          null,
          null,
          1,
          0,
          null,
          null,
          1,
          null,
          1,
          152,
          152,
          152,
          null,
          null
        ]
      },
      "/Users/saipatibandla/Desktop/dev/EA-Block-Scheduling/app/controllers/schedules_controller.rb": {
        "lines": [
          1,
          1,
          null,
          null,
          0,
          null,
          null,
          null,
          null,
          null,
          1,
          null,
          1,
          2,
          1,
          null,
          1,
          null,
          null,
          2,
          null,
          2,
          2,
          null,
          null,
          1,
          3,
          1,
          null,
          null,
          null
        ]
      },
      "/Users/saipatibandla/Desktop/dev/EA-Block-Scheduling/app/models/block_course.rb": {
        "lines": [
          1,
          1,
          1,
          null
        ]
      },
      "/Users/saipatibandla/Desktop/dev/EA-Block-Scheduling/app/models/block_selection.rb": {
        "lines": [
          1,
          1,
          1,
          1,
          null
        ]
      },
      "/Users/saipatibandla/Desktop/dev/EA-Block-Scheduling/app/models/block.rb": {
        "lines": [
          1,
          1,
          null,
          1,
          null,
          1,
          10,
          43,
          null,
          null,
          null,
          null,
          1,
          null,
          1,
          null,
          null,
          null,
          1,
          0,
          0,
          0,
          null,
          null,
          1,
          8,
          8,
          null,
          null,
          12,
          null,
          null,
          3,
          null,
          null,
          3,
          6,
          null,
          null,
          3,
          3,
          null,
          null,
          1,
          null,
          1,
          6,
          null,
          null,
          null,
          null,
          6,
          6,
          null,
          null,
          2,
          2,
          null,
          null,
          null,
          1,
          10,
          null,
          10,
          null,
          10,
          33,
          40,
          16,
          null,
          null,
          null,
          null,
          null,
          1,
          40,
          null,
          null,
          40,
          40,
          null,
          null,
          40,
          40,
          null,
          null,
          27,
          27,
          27,
          27,
          null,
          27,
          null,
          null,
          1,
          80,
          80,
          null,
          null,
          80,
          80,
          null,
          null,
          1,
          80,
          null,
          null,
          80,
          null,
          null,
          null,
          null,
          null,
          null,
          80,
          null,
          null,
          80,
          320,
          null,
          null,
          null,
          1,
          10,
          10,
          null,
          10,
          4,
          null,
          null,
          null,
          1,
          null,
          1,
          10,
          33,
          33,
          33,
          null,
          null,
          null
        ]
      }
    },
    "timestamp": 1745634037
  },
  "Cucumber Features": {
    "coverage": {
      "/Users/saipatibandla/Desktop/dev/EA-Block-Scheduling/app/services/file_parser.rb": {
        "lines": [
          null,
          null,
          1,
          1,
          1,
          1,
          null,
          null,
          1,
          1,
          1,
          null,
          1,
          3,
          3,
          1,
          2,
          1,
          null,
          1,
          null,
          3,
          3,
          3,
          null,
          null,
          1,
          3,
          1,
          null,
          2,
          1,
          1,
          1,
          1,
          1,
          null,
          null,
          1,
          null,
          null,
          null,
          1,
          3,
          null,
          1,
          null,
          1,
          null,
          1,
          null,
          null,
          null,
          1,
          2,
          null,
          2,
          2,
          2,
          2,
          44,
          44,
          38,
          38,
          null,
          null,
          2,
          2,
          null,
          0,
          0,
          null,
          null,
          null,
          null,
          1,
          3,
          3,
          null,
          null,
          1,
          1,
          1,
          null,
          null,
          null,
          1,
          38,
          38,
          38,
          38,
          38,
          38,
          38,
          null,
          null,
          1,
          2,
          38,
          null,
          null,
          null,
          null,
          null,
          null
        ]
      },
      "/Users/saipatibandla/Desktop/dev/EA-Block-Scheduling/app/controllers/sessions_controller.rb": {
        "lines": [
          1,
          1,
          1,
          null,
          1,
          1,
          1,
          null,
          null,
          1,
          1,
          null,
          null,
          null,
          1,
          31,
          31,
          null,
          null,
          31,
          null,
          31,
          null,
          30,
          30,
          null,
          30,
          null,
          null,
          30,
          22,
          null,
          8,
          null,
          null,
          1,
          1,
          null,
          null,
          null
        ]
      },
      "/Users/saipatibandla/Desktop/dev/EA-Block-Scheduling/app/controllers/application_controller.rb": {
        "lines": [
          1,
          1,
          1,
          null,
          null,
          1,
          null,
          1,
          238,
          null,
          null,
          null,
          1,
          38,
          4,
          null,
          null,
          null
        ]
      },
      "/Users/saipatibandla/Desktop/dev/EA-Block-Scheduling/app/helpers/application_helper.rb": {
        "lines": [
          1,
          null,
          1,
          0,
          0,
          null,
          0,
          null,
          null,
          1,
          null,
          1,
          0,
          null,
          null,
          1,
          null,
          0,
          null,
          null,
          1,
          null,
          null,
          null,
          1,
          89,
          null,
          null,
          1,
          73,
          null,
          null
        ]
      },
      "/Users/saipatibandla/Desktop/dev/EA-Block-Scheduling/app/helpers/admin_helper.rb": {
        "lines": [
          1,
          null
        ]
      },
      "/Users/saipatibandla/Desktop/dev/EA-Block-Scheduling/app/helpers/blocks_helper.rb": {
        "lines": [
          1,
          null
        ]
      },
      "/Users/saipatibandla/Desktop/dev/EA-Block-Scheduling/app/helpers/courses_helper.rb": {
        "lines": [
          1,
          1,
          2,
          2,
          1,
          null,
          null,
          1,
          2,
          null,
          1,
          2,
          null,
          null,
          null,
          null,
          1,
          15,
          15,
          15,
          null,
          null,
          null,
          1,
          1,
          1,
          1,
          null,
          null,
          null,
          null,
          1,
          null,
          4,
          null,
          null,
          null,
          null,
          null,
          null,
          null,
          1,
          null,
          3,
          null,
          null,
          null,
          null,
          null,
          null,
          null,
          null,
          null,
          null,
          null,
          null,
          null,
          null,
          null,
          null,
          null,
          null,
          null,
          null,
          null,
          1,
          null,
          0,
          null,
          null,
          null,
          null,
          null,
          null,
          null,
          1,
          3,
          null,
          null,
          1,
          16,
          18,
          10,
          8,
          null,
          null
        ]
      },
      "/Users/saipatibandla/Desktop/dev/EA-Block-Scheduling/app/helpers/excel_files_helper.rb": {
        "lines": [
          1,
          1,
          2,
          2,
          null,
          null
        ]
      },
      "/Users/saipatibandla/Desktop/dev/EA-Block-Scheduling/app/controllers/admin_controller.rb": {
        "lines": [
          null,
          1,
          1,
          null,
          1,
          null,
          null,
          null,
          1,
          null
        ]
      },
      "/Users/saipatibandla/Desktop/dev/EA-Block-Scheduling/app/controllers/students_controller.rb": {
        "lines": [
          1,
          1,
          null,
          null
        ]
      },
      "/Users/saipatibandla/Desktop/dev/EA-Block-Scheduling/app/controllers/pages_controller.rb": {
        "lines": [
          null,
          null,
          1,
          1,
          null,
          1,
          3,
          null,
          null,
          1,
          1,
          3,
          null,
          null
        ]
      },
      "/Users/saipatibandla/Desktop/dev/EA-Block-Scheduling/app/controllers/blocks_controller.rb": {
        "lines": [
          1,
          null,
          null,
          null,
          1,
          3,
          3,
          3,
          null,
          3,
          null,
          null,
          1,
          1,
          null,
          1,
          1,
          null,
          1,
          6,
          null,
          1,
          1,
          1,
          null,
          1,
          6,
          null,
          1,
          1,
          null,
          null,
          1,
          0,
          0,
          0,
          null,
          0,
          null,
          null,
          null,
          1,
          0,
          null,
          0,
          0,
          0,
          0,
          0,
          null,
          null,
          null,
          null,
          null,
          1,
          1,
          null,
          null,
          1,
          0,
          0,
          0,
          0,
          0,
          null,
          null,
          null
        ]
      },
      "/Users/saipatibandla/Desktop/dev/EA-Block-Scheduling/app/controllers/block_selections_controller.rb": {
        "lines": [
          1,
          1,
          null,
          1,
          1,
          1,
          1,
          1,
          0,
          0,
          0,
          null,
          null,
          0,
          0,
          0,
          0,
          null,
          0,
          0,
          0,
          null,
          null,
          0,
          null,
          0,
          null,
          0,
          0,
          0,
          null,
          0,
          null,
          null,
          null,
          0,
          0,
          0,
          0,
          null,
          0,
          0,
          null,
          null,
          null,
          null,
          null,
          null,
          null,
          null,
          null,
          null,
          null,
          null,
          null,
          null,
          null,
          null,
          null,
          null,
          null,
          null,
          1,
          null,
          1,
          1,
          null,
          null,
          1,
          0,
          null,
          null
        ]
      },
      "/Users/saipatibandla/Desktop/dev/EA-Block-Scheduling/app/controllers/courses_controller.rb": {
        "lines": [
          1,
          null,
          1,
          1,
          null,
          null,
          1,
          null,
          null,
          1,
          7,
          7,
          null,
          7,
          7,
          7,
          7,
          null,
          null,
          7,
          23,
          0,
          null,
          23,
          0,
          null,
          null,
          null,
          null,
          null,
          1,
          0,
          null,
          null,
          null,
          1,
          0,
          null,
          0,
          0,
          0,
          null,
          0,
          0,
          null,
          null,
          null,
          null,
          1,
          0,
          0,
          0,
          null,
          0,
          0,
          null,
          null,
          null,
          null,
          1,
          1,
          1,
          1,
          1,
          null,
          null,
          1,
          0,
          0,
          null,
          0,
          0,
          0,
          0,
          null,
          null,
          0,
          0,
          null,
          0,
          0,
          0,
          null,
          0,
          null,
          0,
          0,
          null,
          0,
          0,
          0,
          null,
          null,
          0,
          null,
          0,
          0,
          0,
          0,
          null,
          null,
          0,
          0,
          0,
          0,
          null,
          null,
          null,
          0,
          null,
          null,
          null,
          null,
          null,
          null,
          null,
          null,
          null,
          null,
          null,
          null,
          null,
          null,
          null,
          null,
          null,
          null,
          null,
          null,
          null,
          null,
          null,
          null,
          null,
          0,
          0,
          0,
          null,
          0,
          0,
          0,
          null,
          null,
          null,
          0,
          null,
          0,
          0,
          0,
          null,
          null,
          1,
          0,
          null,
          0,
          null,
          0,
          0,
          0,
          null,
          0,
          null,
          null,
          null,
          1,
          0,
          0,
          null,
          0,
          0,
          null,
          0,
          null,
          null,
          null,
          1,
          0,
          null,
          null,
          null,
          1,
          1,
          1,
          1,
          null,
          null,
          null,
          null,
          null,
          null,
          null,
          null,
          null,
          1,
          null,
          null,
          null,
          null,
          null,
          null,
          null,
          null,
          null,
          null,
          null,
          null,
          null,
          null,
          null,
          null,
          null,
          null,
          null,
          null,
          null,
          null,
          null,
          null,
          null,
          1,
          1,
          null,
          null,
          null,
          1,
          0,
          null,
          null,
          null,
          null,
          null,
          null,
          null,
          null,
          null,
          null,
          null,
          null,
          null,
          null,
          null,
          null,
          null,
          null,
          null,
          null,
          null,
          null,
          null,
          null,
          null,
          null,
          null,
          null,
          null,
          null,
          null,
          null,
          null
        ]
      },
      "/Users/saipatibandla/Desktop/dev/EA-Block-Scheduling/app/controllers/excel_files_controller.rb": {
        "lines": [
          1,
          null,
          1,
          1,
          1,
          1,
          1,
          null,
          null,
          1,
          1,
          null,
          null,
          null,
          1,
          0,
          null,
          null,
          null,
          1,
          2,
          null,
          null,
          null,
          1,
          null,
          null,
          null,
          1,
          1,
          1,
          1,
          0,
          0,
          null,
          1,
          2,
          1,
          null,
          1,
          null,
          null,
          null,
          null,
          null,
          null,
          1,
          0,
          0,
          0,
          0,
          null,
          0,
          0,
          null,
          null,
          null,
          null,
          null,
          1,
          0,
          null,
          0,
          0,
          0,
          null,
          null,
          null,
          1,
          null,
          null,
          1,
          1,
          null,
          null,
          null,
          1,
          1,
          null,
          null,
          null,
          1,
          1,
          2,
          1,
          null,
          null,
          null,
          null
        ]
      },
      "/Users/saipatibandla/Desktop/dev/EA-Block-Scheduling/app/controllers/schedules_controller.rb": {
        "lines": [
          1,
          1,
          null,
          null,
          3,
          null,
          null,
          null,
          null,
          null,
          1,
          null,
          1,
          0,
          0,
          null,
          0,
          null,
          null,
          0,
          null,
          0,
          0,
          null,
          null,
          1,
          3,
          0,
          null,
          null,
          null
        ]
      },
      "/Users/saipatibandla/Desktop/dev/EA-Block-Scheduling/app/controllers/registrations_controller.rb": {
        "lines": [
          1,
          1,
          null,
          1,
          null,
          1,
          null,
          null,
          null,
          null,
          null,
          null,
          null,
          null,
          null,
          1,
          null,
          null,
          null,
          null,
          null,
          1,
          null,
          null,
          null,
          null,
          1,
          null,
          1,
          3,
          null,
          null,
          3,
          0,
          null,
          null,
          null,
          3,
          0,
          0,
          null,
          null,
          3,
          0,
          null,
          null,
          null,
          null,
          null,
          null,
          null,
          1,
          0,
          0,
          0,
          0,
          0,
          null,
          0,
          null,
          1,
          4,
          4,
          1,
          1,
          1,
          1,
          null,
          null,
          null,
          1,
          null,
          1,
          0,
          0,
          0,
          0,
          null,
          0,
          null,
          null
        ]
      },
      "/Users/saipatibandla/Desktop/dev/EA-Block-Scheduling/app/controllers/users_controller.rb": {
        "lines": [
          1,
          1,
          1,
          null,
          1,
          5,
          null,
          null,
          1,
          3,
          3,
          null,
          null,
          1,
          1,
          null,
          null,
          1,
          1,
          null,
          null,
          1,
          1,
          1,
          1,
          1,
          null,
          null,
          1,
          1,
          1,
          1,
          null,
          null,
          1,
          1,
          1,
          null,
          0,
          0,
          null,
          null,
          0,
          null,
          null,
          null,
          null,
          1,
          1,
          1,
          1,
          null,
          null,
          1,
          null,
          1,
          1,
          1,
          1,
          null,
          null
        ]
      },
      "/Users/saipatibandla/Desktop/dev/EA-Block-Scheduling/app/services/user_service.rb": {
        "lines": [
          null,
          1,
          1,
          1,
          1,
          null,
          1,
          null,
          1,
          1,
          1,
          1,
          1,
          1,
          null,
          null,
          1,
          null,
          null,
          1,
          1,
          1,
          1,
          null,
          0,
          0,
          null,
          null,
          null,
          1,
          1,
          null,
          null,
          null,
          null,
          null,
          null,
          null,
          null,
          null,
          1,
          null,
          null,
          1,
          null,
          0,
          null,
          null
        ]
      }
    },
    "timestamp": 1745634010
  }
}
